DEBUG - 2026-05-06 05:19:54 --> Session: Class initialized using 'CodeIgniter\Session\Handlers\FileHandler' driver.
DEBUG - 2026-05-06 05:19:57 --> Session: Class initialized using 'CodeIgniter\Session\Handlers\FileHandler' driver.
DEBUG - 2026-05-06 05:20:02 --> Session: Class initialized using 'CodeIgniter\Session\Handlers\FileHandler' driver.
DEBUG - 2026-05-06 05:20:03 --> Session: Class initialized using 'CodeIgniter\Session\Handlers\FileHandler' driver.
DEBUG - 2026-05-06 05:20:08 --> Session: Class initialized using 'CodeIgniter\Session\Handlers\FileHandler' driver.
DEBUG - 2026-05-06 05:20:12 --> Session: Class initialized using 'CodeIgniter\Session\Handlers\FileHandler' driver.
DEBUG - 2026-05-06 05:20:14 --> Session: Class initialized using 'CodeIgniter\Session\Handlers\FileHandler' driver.
DEBUG - 2026-05-06 05:20:18 --> Session: Class initialized using 'CodeIgniter\Session\Handlers\FileHandler' driver.
DEBUG - 2026-05-06 05:20:19 --> Session: Class initialized using 'CodeIgniter\Session\Handlers\FileHandler' driver.
DEBUG - 2026-05-06 05:20:21 --> Session: Class initialized using 'CodeIgniter\Session\Handlers\FileHandler' driver.
DEBUG - 2026-05-06 05:20:26 --> Session: Class initialized using 'CodeIgniter\Session\Handlers\FileHandler' driver.
DEBUG - 2026-05-06 05:20:26 --> Session: Class initialized using 'CodeIgniter\Session\Handlers\FileHandler' driver.
DEBUG - 2026-05-06 05:20:27 --> Session: Class initialized using 'CodeIgniter\Session\Handlers\FileHandler' driver.
DEBUG - 2026-05-06 05:20:32 --> Session: Class initialized using 'CodeIgniter\Session\Handlers\FileHandler' driver.
DEBUG - 2026-05-06 05:20:32 --> Session: Class initialized using 'CodeIgniter\Session\Handlers\FileHandler' driver.
DEBUG - 2026-05-06 05:25:58 --> Session: Class initialized using 'CodeIgniter\Session\Handlers\FileHandler' driver.
DEBUG - 2026-05-06 05:26:01 --> Session: Class initialized using 'CodeIgniter\Session\Handlers\FileHandler' driver.
DEBUG - 2026-05-06 05:26:03 --> Session: Class initialized using 'CodeIgniter\Session\Handlers\FileHandler' driver.
DEBUG - 2026-05-06 05:26:05 --> Session: Class initialized using 'CodeIgniter\Session\Handlers\FileHandler' driver.
DEBUG - 2026-05-06 05:50:51 --> Session: Class initialized using 'CodeIgniter\Session\Handlers\FileHandler' driver.
DEBUG - 2026-05-06 05:50:56 --> Session: Class initialized using 'CodeIgniter\Session\Handlers\FileHandler' driver.
DEBUG - 2026-05-06 05:50:58 --> Session: Class initialized using 'CodeIgniter\Session\Handlers\FileHandler' driver.
DEBUG - 2026-05-06 05:51:01 --> Session: Class initialized using 'CodeIgniter\Session\Handlers\FileHandler' driver.
ERROR - 2026-05-06 05:51:01 --> [Microsoft][ODBC Driver 17 for SQL Server][SQL Server]El nombre de columna 'id_rol' no es válido. SQLSTATE: 42S22, code: 207
in SYSTEMPATH\Database\BaseConnection.php on line 910.
 1 SYSTEMPATH\Database\BaseConnection.php(827): CodeIgniter\Database\BaseConnection->simpleQuery('SELECT "Usuario"."id_usuario", "Usuario"."nombre_usuario", "Usuario"."contraseña", "Usuario"."id_rol", "Usuario"."id_persona", "Usuario"."baja", "Rol"."descripcion" AS "rol", "Datos_personales"."nombre", "Datos_personales"."apellido", "Datos_personales"."email", "Datos_personales"."telefono", "Datos_personales"."dni"
FROM "NewFitnessSystems2"."dbo"."Usuario"
JOIN "NewFitnessSystems2"."dbo"."Rol" ON "Rol"."id_rol" = "Usuario"."id_rol"
JOIN "NewFitnessSystems2"."dbo"."Datos_personales" ON "Datos_personales"."id_persona" = "Usuario"."id_persona"
WHERE "Usuario"."id_usuario" = \'4\'
 ORDER BY (SELECT NULL)  OFFSET 0  ROWS FETCH NEXT 1 ROWS ONLY ')
 2 SYSTEMPATH\Database\SQLSRV\Builder.php(656): CodeIgniter\Database\BaseConnection->query('SELECT "Usuario"."id_usuario", "Usuario"."nombre_usuario", "Usuario"."contraseña", "Usuario"."id_rol", "Usuario"."id_persona", "Usuario"."baja", "Rol"."descripcion" AS "rol", "Datos_personales"."nombre", "Datos_personales"."apellido", "Datos_personales"."email", "Datos_personales"."telefono", "Datos_personales"."dni"
FROM "NewFitnessSystems2"."dbo"."Usuario"
JOIN "NewFitnessSystems2"."dbo"."Rol" ON "Rol"."id_rol" = "Usuario"."id_rol"
JOIN "NewFitnessSystems2"."dbo"."Datos_personales" ON "Datos_personales"."id_persona" = "Usuario"."id_persona"
WHERE "Usuario"."id_usuario" = :Usuario.id_usuario:
 ORDER BY (SELECT NULL)  OFFSET 0  ROWS FETCH NEXT 1 ROWS ONLY ', [...], false)
 3 SYSTEMPATH\Model.php(295): CodeIgniter\Database\SQLSRV\Builder->get()
 4 SYSTEMPATH\BaseModel.php(714): CodeIgniter\Model->doFirst()
 5 APPPATH\Models\UsuarioModel.php(60): CodeIgniter\BaseModel->first()
 6 APPPATH\Controllers\AdminUsuarioController.php(34): App\Models\UsuarioModel->getUsuarioCompleto('4')
 7 SYSTEMPATH\CodeIgniter.php(951): App\Controllers\AdminUsuarioController->editar('4')
 8 SYSTEMPATH\CodeIgniter.php(497): CodeIgniter\CodeIgniter->runController(Object(App\Controllers\AdminUsuarioController))
 9 SYSTEMPATH\CodeIgniter.php(340): CodeIgniter\CodeIgniter->handleRequest(null, Object(Config\Cache), false)
10 SYSTEMPATH\Boot.php(417): CodeIgniter\CodeIgniter->run()
11 SYSTEMPATH\Boot.php(68): CodeIgniter\Boot::runCodeIgniter(Object(CodeIgniter\CodeIgniter))
12 FCPATH\index.php(65): CodeIgniter\Boot::bootWeb(Object(Config\Paths))
CRITICAL - 2026-05-06 05:51:01 --> CodeIgniter\Database\Exceptions\DatabaseException: [Microsoft][ODBC Driver 17 for SQL Server][SQL Server]El nombre de columna 'id_rol' no es válido. SQLSTATE: 42S22, code: 207
[Method: GET, Route: editar_usuario/4]
in SYSTEMPATH\Database\BaseConnection.php on line 865.
 1 SYSTEMPATH\Database\SQLSRV\Builder.php(656): CodeIgniter\Database\BaseConnection->query('SELECT "Usuario"."id_usuario", "Usuario"."nombre_usuario", "Usuario"."contraseña", "Usuario"."id_rol", "Usuario"."id_persona", "Usuario"."baja", "Rol"."descripcion" AS "rol", "Datos_personales"."nombre", "Datos_personales"."apellido", "Datos_personales"."email", "Datos_personales"."telefono", "Datos_personales"."dni"
FROM "NewFitnessSystems2"."dbo"."Usuario"
JOIN "NewFitnessSystems2"."dbo"."Rol" ON "Rol"."id_rol" = "Usuario"."id_rol"
JOIN "NewFitnessSystems2"."dbo"."Datos_personales" ON "Datos_personales"."id_persona" = "Usuario"."id_persona"
WHERE "Usuario"."id_usuario" = :Usuario.id_usuario:
 ORDER BY (SELECT NULL)  OFFSET 0  ROWS FETCH NEXT 1 ROWS ONLY ', [...], false)
 2 SYSTEMPATH\Model.php(295): CodeIgniter\Database\SQLSRV\Builder->get()
 3 SYSTEMPATH\BaseModel.php(714): CodeIgniter\Model->doFirst()
 4 APPPATH\Models\UsuarioModel.php(60): CodeIgniter\BaseModel->first()
 5 APPPATH\Controllers\AdminUsuarioController.php(34): App\Models\UsuarioModel->getUsuarioCompleto('4')
 6 SYSTEMPATH\CodeIgniter.php(951): App\Controllers\AdminUsuarioController->editar('4')
 7 SYSTEMPATH\CodeIgniter.php(497): CodeIgniter\CodeIgniter->runController(Object(App\Controllers\AdminUsuarioController))
 8 SYSTEMPATH\CodeIgniter.php(340): CodeIgniter\CodeIgniter->handleRequest(null, Object(Config\Cache), false)
 9 SYSTEMPATH\Boot.php(417): CodeIgniter\CodeIgniter->run()
10 SYSTEMPATH\Boot.php(68): CodeIgniter\Boot::runCodeIgniter(Object(CodeIgniter\CodeIgniter))
11 FCPATH\index.php(65): CodeIgniter\Boot::bootWeb(Object(Config\Paths))
CRITICAL - 2026-05-06 05:51:01 --> [Caused by] CodeIgniter\Database\Exceptions\DatabaseException: [Microsoft][ODBC Driver 17 for SQL Server][SQL Server]El nombre de columna 'id_rol' no es válido. SQLSTATE: 42S22, code: 207
in SYSTEMPATH\Database\SQLSRV\Connection.php on line 533.
 1 SYSTEMPATH\Database\BaseConnection.php(910): CodeIgniter\Database\SQLSRV\Connection->execute('SELECT "Usuario"."id_usuario", "Usuario"."nombre_usuario", "Usuario"."contraseña", "Usuario"."id_rol", "Usuario"."id_persona", "Usuario"."baja", "Rol"."descripcion" AS "rol", "Datos_personales"."nombre", "Datos_personales"."apellido", "Datos_personales"."email", "Datos_personales"."telefono", "Datos_personales"."dni"
FROM "NewFitnessSystems2"."dbo"."Usuario"
JOIN "NewFitnessSystems2"."dbo"."Rol" ON "Rol"."id_rol" = "Usuario"."id_rol"
JOIN "NewFitnessSystems2"."dbo"."Datos_personales" ON "Datos_personales"."id_persona" = "Usuario"."id_persona"
WHERE "Usuario"."id_usuario" = \'4\'
 ORDER BY (SELECT NULL)  OFFSET 0  ROWS FETCH NEXT 1 ROWS ONLY ')
 2 SYSTEMPATH\Database\BaseConnection.php(827): CodeIgniter\Database\BaseConnection->simpleQuery('SELECT "Usuario"."id_usuario", "Usuario"."nombre_usuario", "Usuario"."contraseña", "Usuario"."id_rol", "Usuario"."id_persona", "Usuario"."baja", "Rol"."descripcion" AS "rol", "Datos_personales"."nombre", "Datos_personales"."apellido", "Datos_personales"."email", "Datos_personales"."telefono", "Datos_personales"."dni"
FROM "NewFitnessSystems2"."dbo"."Usuario"
JOIN "NewFitnessSystems2"."dbo"."Rol" ON "Rol"."id_rol" = "Usuario"."id_rol"
JOIN "NewFitnessSystems2"."dbo"."Datos_personales" ON "Datos_personales"."id_persona" = "Usuario"."id_persona"
WHERE "Usuario"."id_usuario" = \'4\'
 ORDER BY (SELECT NULL)  OFFSET 0  ROWS FETCH NEXT 1 ROWS ONLY ')
 3 SYSTEMPATH\Database\SQLSRV\Builder.php(656): CodeIgniter\Database\BaseConnection->query('SELECT "Usuario"."id_usuario", "Usuario"."nombre_usuario", "Usuario"."contraseña", "Usuario"."id_rol", "Usuario"."id_persona", "Usuario"."baja", "Rol"."descripcion" AS "rol", "Datos_personales"."nombre", "Datos_personales"."apellido", "Datos_personales"."email", "Datos_personales"."telefono", "Datos_personales"."dni"
FROM "NewFitnessSystems2"."dbo"."Usuario"
JOIN "NewFitnessSystems2"."dbo"."Rol" ON "Rol"."id_rol" = "Usuario"."id_rol"
JOIN "NewFitnessSystems2"."dbo"."Datos_personales" ON "Datos_personales"."id_persona" = "Usuario"."id_persona"
WHERE "Usuario"."id_usuario" = :Usuario.id_usuario:
 ORDER BY (SELECT NULL)  OFFSET 0  ROWS FETCH NEXT 1 ROWS ONLY ', [...], false)
 4 SYSTEMPATH\Model.php(295): CodeIgniter\Database\SQLSRV\Builder->get()
 5 SYSTEMPATH\BaseModel.php(714): CodeIgniter\Model->doFirst()
 6 APPPATH\Models\UsuarioModel.php(60): CodeIgniter\BaseModel->first()
 7 APPPATH\Controllers\AdminUsuarioController.php(34): App\Models\UsuarioModel->getUsuarioCompleto('4')
 8 SYSTEMPATH\CodeIgniter.php(951): App\Controllers\AdminUsuarioController->editar('4')
 9 SYSTEMPATH\CodeIgniter.php(497): CodeIgniter\CodeIgniter->runController(Object(App\Controllers\AdminUsuarioController))
10 SYSTEMPATH\CodeIgniter.php(340): CodeIgniter\CodeIgniter->handleRequest(null, Object(Config\Cache), false)
11 SYSTEMPATH\Boot.php(417): CodeIgniter\CodeIgniter->run()
12 SYSTEMPATH\Boot.php(68): CodeIgniter\Boot::runCodeIgniter(Object(CodeIgniter\CodeIgniter))
13 FCPATH\index.php(65): CodeIgniter\Boot::bootWeb(Object(Config\Paths))
DEBUG - 2026-05-06 05:51:05 --> Session: Class initialized using 'CodeIgniter\Session\Handlers\FileHandler' driver.
ERROR - 2026-05-06 05:51:05 --> [Microsoft][ODBC Driver 17 for SQL Server][SQL Server]El nombre de objeto 'NewFitnessSystems2.dbo.Datos_personales' no es válido. SQLSTATE: 42S02, code: 208
in SYSTEMPATH\Database\BaseConnection.php on line 910.
 1 SYSTEMPATH\Database\BaseConnection.php(827): CodeIgniter\Database\BaseConnection->simpleQuery('SELECT "Datos_personales"."id_persona", "Datos_personales"."nombre", "Datos_personales"."apellido", "Datos_personales"."email", "Datos_personales"."telefono", "Datos_personales"."dni", "Datos_personales"."baja", "Rol"."descripcion" AS "rol"
FROM "NewFitnessSystems2"."dbo"."Datos_personales"
LEFT JOIN "NewFitnessSystems2"."dbo"."Usuario" ON "Usuario"."id_persona" = "Datos_personales"."id_persona"
LEFT JOIN "NewFitnessSystems2"."dbo"."Rol" ON "Rol"."id_rol" = "Usuario"."id_rol"
WHERE "Usuario"."id_rol" = 3
OR "Usuario"."id_usuario" IS NULL')
 2 SYSTEMPATH\Database\SQLSRV\Builder.php(656): CodeIgniter\Database\BaseConnection->query('SELECT "Datos_personales"."id_persona", "Datos_personales"."nombre", "Datos_personales"."apellido", "Datos_personales"."email", "Datos_personales"."telefono", "Datos_personales"."dni", "Datos_personales"."baja", "Rol"."descripcion" AS "rol"
FROM "NewFitnessSystems2"."dbo"."Datos_personales"
LEFT JOIN "NewFitnessSystems2"."dbo"."Usuario" ON "Usuario"."id_persona" = "Datos_personales"."id_persona"
LEFT JOIN "NewFitnessSystems2"."dbo"."Rol" ON "Rol"."id_rol" = "Usuario"."id_rol"
WHERE "Usuario"."id_rol" = :Usuario.id_rol:
OR "Usuario"."id_usuario" IS NULL', [...], false)
 3 SYSTEMPATH\Model.php(253): CodeIgniter\Database\SQLSRV\Builder->get()
 4 SYSTEMPATH\BaseModel.php(676): CodeIgniter\Model->doFindAll(0, 0)
 5 APPPATH\Models\ClienteModel.php(37): CodeIgniter\BaseModel->findAll()
 6 APPPATH\Controllers\ClienteController.php(16): App\Models\ClienteModel->getClientes()
 7 SYSTEMPATH\CodeIgniter.php(951): App\Controllers\ClienteController->index()
 8 SYSTEMPATH\CodeIgniter.php(497): CodeIgniter\CodeIgniter->runController(Object(App\Controllers\ClienteController))
 9 SYSTEMPATH\CodeIgniter.php(340): CodeIgniter\CodeIgniter->handleRequest(null, Object(Config\Cache), false)
10 SYSTEMPATH\Boot.php(417): CodeIgniter\CodeIgniter->run()
11 SYSTEMPATH\Boot.php(68): CodeIgniter\Boot::runCodeIgniter(Object(CodeIgniter\CodeIgniter))
12 FCPATH\index.php(65): CodeIgniter\Boot::bootWeb(Object(Config\Paths))
CRITICAL - 2026-05-06 05:51:05 --> CodeIgniter\Database\Exceptions\DatabaseException: [Microsoft][ODBC Driver 17 for SQL Server][SQL Server]El nombre de objeto 'NewFitnessSystems2.dbo.Datos_personales' no es válido. SQLSTATE: 42S02, code: 208
[Method: GET, Route: clientes]
in SYSTEMPATH\Database\BaseConnection.php on line 865.
 1 SYSTEMPATH\Database\SQLSRV\Builder.php(656): CodeIgniter\Database\BaseConnection->query('SELECT "Datos_personales"."id_persona", "Datos_personales"."nombre", "Datos_personales"."apellido", "Datos_personales"."email", "Datos_personales"."telefono", "Datos_personales"."dni", "Datos_personales"."baja", "Rol"."descripcion" AS "rol"
FROM "NewFitnessSystems2"."dbo"."Datos_personales"
LEFT JOIN "NewFitnessSystems2"."dbo"."Usuario" ON "Usuario"."id_persona" = "Datos_personales"."id_persona"
LEFT JOIN "NewFitnessSystems2"."dbo"."Rol" ON "Rol"."id_rol" = "Usuario"."id_rol"
WHERE "Usuario"."id_rol" = :Usuario.id_rol:
OR "Usuario"."id_usuario" IS NULL', [...], false)
 2 SYSTEMPATH\Model.php(253): CodeIgniter\Database\SQLSRV\Builder->get()
 3 SYSTEMPATH\BaseModel.php(676): CodeIgniter\Model->doFindAll(0, 0)
 4 APPPATH\Models\ClienteModel.php(37): CodeIgniter\BaseModel->findAll()
 5 APPPATH\Controllers\ClienteController.php(16): App\Models\ClienteModel->getClientes()
 6 SYSTEMPATH\CodeIgniter.php(951): App\Controllers\ClienteController->index()
 7 SYSTEMPATH\CodeIgniter.php(497): CodeIgniter\CodeIgniter->runController(Object(App\Controllers\ClienteController))
 8 SYSTEMPATH\CodeIgniter.php(340): CodeIgniter\CodeIgniter->handleRequest(null, Object(Config\Cache), false)
 9 SYSTEMPATH\Boot.php(417): CodeIgniter\CodeIgniter->run()
10 SYSTEMPATH\Boot.php(68): CodeIgniter\Boot::runCodeIgniter(Object(CodeIgniter\CodeIgniter))
11 FCPATH\index.php(65): CodeIgniter\Boot::bootWeb(Object(Config\Paths))
CRITICAL - 2026-05-06 05:51:05 --> [Caused by] CodeIgniter\Database\Exceptions\DatabaseException: [Microsoft][ODBC Driver 17 for SQL Server][SQL Server]El nombre de objeto 'NewFitnessSystems2.dbo.Datos_personales' no es válido. SQLSTATE: 42S02, code: 208
in SYSTEMPATH\Database\SQLSRV\Connection.php on line 533.
 1 SYSTEMPATH\Database\BaseConnection.php(910): CodeIgniter\Database\SQLSRV\Connection->execute('SELECT "Datos_personales"."id_persona", "Datos_personales"."nombre", "Datos_personales"."apellido", "Datos_personales"."email", "Datos_personales"."telefono", "Datos_personales"."dni", "Datos_personales"."baja", "Rol"."descripcion" AS "rol"
FROM "NewFitnessSystems2"."dbo"."Datos_personales"
LEFT JOIN "NewFitnessSystems2"."dbo"."Usuario" ON "Usuario"."id_persona" = "Datos_personales"."id_persona"
LEFT JOIN "NewFitnessSystems2"."dbo"."Rol" ON "Rol"."id_rol" = "Usuario"."id_rol"
WHERE "Usuario"."id_rol" = 3
OR "Usuario"."id_usuario" IS NULL')
 2 SYSTEMPATH\Database\BaseConnection.php(827): CodeIgniter\Database\BaseConnection->simpleQuery('SELECT "Datos_personales"."id_persona", "Datos_personales"."nombre", "Datos_personales"."apellido", "Datos_personales"."email", "Datos_personales"."telefono", "Datos_personales"."dni", "Datos_personales"."baja", "Rol"."descripcion" AS "rol"
FROM "NewFitnessSystems2"."dbo"."Datos_personales"
LEFT JOIN "NewFitnessSystems2"."dbo"."Usuario" ON "Usuario"."id_persona" = "Datos_personales"."id_persona"
LEFT JOIN "NewFitnessSystems2"."dbo"."Rol" ON "Rol"."id_rol" = "Usuario"."id_rol"
WHERE "Usuario"."id_rol" = 3
OR "Usuario"."id_usuario" IS NULL')
 3 SYSTEMPATH\Database\SQLSRV\Builder.php(656): CodeIgniter\Database\BaseConnection->query('SELECT "Datos_personales"."id_persona", "Datos_personales"."nombre", "Datos_personales"."apellido", "Datos_personales"."email", "Datos_personales"."telefono", "Datos_personales"."dni", "Datos_personales"."baja", "Rol"."descripcion" AS "rol"
FROM "NewFitnessSystems2"."dbo"."Datos_personales"
LEFT JOIN "NewFitnessSystems2"."dbo"."Usuario" ON "Usuario"."id_persona" = "Datos_personales"."id_persona"
LEFT JOIN "NewFitnessSystems2"."dbo"."Rol" ON "Rol"."id_rol" = "Usuario"."id_rol"
WHERE "Usuario"."id_rol" = :Usuario.id_rol:
OR "Usuario"."id_usuario" IS NULL', [...], false)
 4 SYSTEMPATH\Model.php(253): CodeIgniter\Database\SQLSRV\Builder->get()
 5 SYSTEMPATH\BaseModel.php(676): CodeIgniter\Model->doFindAll(0, 0)
 6 APPPATH\Models\ClienteModel.php(37): CodeIgniter\BaseModel->findAll()
 7 APPPATH\Controllers\ClienteController.php(16): App\Models\ClienteModel->getClientes()
 8 SYSTEMPATH\CodeIgniter.php(951): App\Controllers\ClienteController->index()
 9 SYSTEMPATH\CodeIgniter.php(497): CodeIgniter\CodeIgniter->runController(Object(App\Controllers\ClienteController))
10 SYSTEMPATH\CodeIgniter.php(340): CodeIgniter\CodeIgniter->handleRequest(null, Object(Config\Cache), false)
11 SYSTEMPATH\Boot.php(417): CodeIgniter\CodeIgniter->run()
12 SYSTEMPATH\Boot.php(68): CodeIgniter\Boot::runCodeIgniter(Object(CodeIgniter\CodeIgniter))
13 FCPATH\index.php(65): CodeIgniter\Boot::bootWeb(Object(Config\Paths))
DEBUG - 2026-05-06 05:51:13 --> Session: Class initialized using 'CodeIgniter\Session\Handlers\FileHandler' driver.
DEBUG - 2026-05-06 05:51:18 --> Session: Class initialized using 'CodeIgniter\Session\Handlers\FileHandler' driver.
DEBUG - 2026-05-06 05:51:33 --> Session: Class initialized using 'CodeIgniter\Session\Handlers\FileHandler' driver.
